c:\users\sherry kwok\desktop\modeler\debug\vc140.pdb
c:\users\sherry kwok\desktop\modeler\debug\vc140.idb
c:\users\sherry kwok\desktop\modeler\debug\bitmap.obj
c:\users\sherry kwok\desktop\modeler\debug\camera.obj
c:\users\sherry kwok\desktop\modeler\debug\modelerapp.obj
c:\users\sherry kwok\desktop\modeler\debug\modelerdraw.obj
c:\users\sherry kwok\desktop\modeler\debug\modelerui.obj
c:\users\sherry kwok\desktop\modeler\debug\modelerview.obj
c:\users\sherry kwok\desktop\modeler\debug\sample.obj
c:\users\sherry kwok\desktop\modeler\debug\ctmodel.obj
c:\users\sherry kwok\desktop\modeler\debug\cartoncontrols.obj
c:\users\sherry kwok\desktop\modeler\debug\lsystem.obj
c:\users\sherry kwok\desktop\modeler\debug\cartonmodel.obj
c:\users\sherry kwok\desktop\modeler\debug\modeler.ilk
c:\users\sherry kwok\desktop\modeler\debug\modeler.exe
c:\users\sherry kwok\desktop\modeler\debug\modeler.pdb
c:\users\sherry kwok\desktop\modeler\.\debug\modeler.exe
c:\users\sherry kwok\desktop\modeler\debug\modeler.tlog\cl.command.1.tlog
c:\users\sherry kwok\desktop\modeler\debug\modeler.tlog\cl.read.1.tlog
c:\users\sherry kwok\desktop\modeler\debug\modeler.tlog\cl.write.1.tlog
c:\users\sherry kwok\desktop\modeler\debug\modeler.tlog\link.command.1.tlog
c:\users\sherry kwok\desktop\modeler\debug\modeler.tlog\link.read.1.tlog
c:\users\sherry kwok\desktop\modeler\debug\modeler.tlog\link.write.1.tlog
