  CartonControls.cpp
c:\users\sherry kwok\desktop\modeler\cartoncontrols.cpp(55): warning C4305: 'argument': truncation from 'double' to 'float'
c:\users\sherry kwok\desktop\modeler\cartoncontrols.cpp(59): warning C4305: 'argument': truncation from 'double' to 'float'
c:\users\sherry kwok\desktop\modeler\cartoncontrols.cpp(60): warning C4305: 'argument': truncation from 'double' to 'float'
c:\users\sherry kwok\desktop\modeler\cartoncontrols.cpp(63): warning C4305: 'argument': truncation from 'double' to 'float'
c:\users\sherry kwok\desktop\modeler\cartoncontrols.cpp(67): warning C4305: 'argument': truncation from 'double' to 'float'
c:\users\sherry kwok\desktop\modeler\cartoncontrols.cpp(68): warning C4305: 'argument': truncation from 'double' to 'float'
c:\users\sherry kwok\desktop\modeler\cartoncontrols.cpp(69): warning C4305: 'argument': truncation from 'double' to 'float'
c:\users\sherry kwok\desktop\modeler\cartoncontrols.cpp(71): warning C4305: 'argument': truncation from 'double' to 'float'
c:\users\sherry kwok\desktop\modeler\cartoncontrols.cpp(72): warning C4305: 'argument': truncation from 'double' to 'float'
c:\users\sherry kwok\desktop\modeler\cartoncontrols.cpp(73): warning C4305: 'argument': truncation from 'double' to 'float'
c:\users\sherry kwok\desktop\modeler\cartoncontrols.cpp(75): warning C4305: 'argument': truncation from 'double' to 'float'
c:\users\sherry kwok\desktop\modeler\cartoncontrols.cpp(77): warning C4305: 'argument': truncation from 'double' to 'float'
c:\users\sherry kwok\desktop\modeler\cartoncontrols.cpp(81): warning C4305: 'argument': truncation from 'double' to 'float'
  Generating Code...
  Compiling...
  modelerui.cxx
c:\users\sherry kwok\desktop\modeler\modelerui.cxx(103): warning C4996: 'fopen': This function or variable may be unsafe. Consider using fopen_s instead. To disable deprecation, use _CRT_SECURE_NO_WARNINGS. See online help for details.
  c:\program files (x86)\windows kits\10\include\10.0.10240.0\ucrt\stdio.h(205): note: see declaration of 'fopen'
  modelerdraw.cpp
c:\users\sherry kwok\desktop\modeler\modelerdraw.cpp(151): warning C4996: 'fopen': This function or variable may be unsafe. Consider using fopen_s instead. To disable deprecation, use _CRT_SECURE_NO_WARNINGS. See online help for details.
  c:\program files (x86)\windows kits\10\include\10.0.10240.0\ucrt\stdio.h(205): note: see declaration of 'fopen'
  modelerapp.cpp
  CartonModel.cpp
  Generating Code...
  modeler.vcxproj -> C:\Users\sherry kwok\Desktop\Modeler\.\Debug\modeler.exe
  modeler.vcxproj -> .\Debug/modeler.pdb (Full PDB)
